
(firefox:5330): Gtk-WARNING **: 12:54:27.093: Locale not supported by C library.
	Using the fallback 'C' locale.

(/usr/lib/firefox/firefox:5521): Gtk-WARNING **: 12:54:28.406: Locale not supported by C library.
	Using the fallback 'C' locale.

(/usr/lib/firefox/firefox:5545): Gtk-WARNING **: 12:54:28.634: Locale not supported by C library.
	Using the fallback 'C' locale.

(/usr/lib/firefox/firefox:5521): Gtk-WARNING **: 12:54:28.697: Theme parsing error: gtk.css:68:35: The style property GtkButton:child-displacement-x is deprecated and shouldn't be used anymore. It will be removed in a future version

(/usr/lib/firefox/firefox:5521): Gtk-WARNING **: 12:54:28.697: Theme parsing error: gtk.css:69:35: The style property GtkButton:child-displacement-y is deprecated and shouldn't be used anymore. It will be removed in a future version

(/usr/lib/firefox/firefox:5521): Gtk-WARNING **: 12:54:28.697: Theme parsing error: gtk.css:71:36: The style property GtkCheckMenuItem:indicator-size is deprecated and shouldn't be used anymore. It will be removed in a future version

(/usr/lib/firefox/firefox:5521): Gtk-WARNING **: 12:54:28.698: Theme parsing error: gtk.css:76:30: The style property GtkExpander:expander-size is deprecated and shouldn't be used anymore. It will be removed in a future version

(/usr/lib/firefox/firefox:5545): Gtk-WARNING **: 12:54:28.990: Theme parsing error: gtk.css:68:35: The style property GtkButton:child-displacement-x is deprecated and shouldn't be used anymore. It will be removed in a future version

(/usr/lib/firefox/firefox:5545): Gtk-WARNING **: 12:54:28.992: Theme parsing error: gtk.css:69:35: The style property GtkButton:child-displacement-y is deprecated and shouldn't be used anymore. It will be removed in a future version

(/usr/lib/firefox/firefox:5545): Gtk-WARNING **: 12:54:28.993: Theme parsing error: gtk.css:71:36: The style property GtkCheckMenuItem:indicator-size is deprecated and shouldn't be used anymore. It will be removed in a future version

(/usr/lib/firefox/firefox:5545): Gtk-WARNING **: 12:54:29.001: Theme parsing error: gtk.css:76:30: The style property GtkExpander:expander-size is deprecated and shouldn't be used anymore. It will be removed in a future version
console.error: SearchCache: "_readCacheFile: Error reading cache file:" (new Error("", "(unknown module)"))

(firefox:5330): GLib-GIO-WARNING **: 12:54:29.268: /etc/xdg/kde-mimeapps.list contains a [Added Associations] group, but it is not permitted here.  Only the non-desktop-specific mimeapps.list file may add or remove associations.

(/usr/lib/firefox/firefox:5632): Gtk-WARNING **: 12:54:31.183: Locale not supported by C library.
	Using the fallback 'C' locale.
1605614071566	Marionette	INFO	Listening on port 42429
1605614071586	Marionette	WARN	TLS certificate errors will be ignored for this session
IPDL protocol error: Handler returned error code!

###!!! [Parent][DispatchAsyncMessage] Error: PLayerTransaction::Msg_ReleaseLayer Processing error: message was deserialized, but the handler returned false (indicating failure)

1605614088561	Marionette	INFO	Stopped listening on port 42429

(firefox:6856): Gtk-WARNING **: 13:00:59.814: Locale not supported by C library.
	Using the fallback 'C' locale.

(/usr/lib/firefox/firefox:7088): Gtk-WARNING **: 13:01:01.313: Locale not supported by C library.
	Using the fallback 'C' locale.

(/usr/lib/firefox/firefox:7112): Gtk-WARNING **: 13:01:01.623: Locale not supported by C library.
	Using the fallback 'C' locale.

(/usr/lib/firefox/firefox:7088): Gtk-WARNING **: 13:01:01.635: Theme parsing error: gtk.css:68:35: The style property GtkButton:child-displacement-x is deprecated and shouldn't be used anymore. It will be removed in a future version

(/usr/lib/firefox/firefox:7088): Gtk-WARNING **: 13:01:01.635: Theme parsing error: gtk.css:69:35: The style property GtkButton:child-displacement-y is deprecated and shouldn't be used anymore. It will be removed in a future version

(/usr/lib/firefox/firefox:7088): Gtk-WARNING **: 13:01:01.636: Theme parsing error: gtk.css:71:36: The style property GtkCheckMenuItem:indicator-size is deprecated and shouldn't be used anymore. It will be removed in a future version

(/usr/lib/firefox/firefox:7088): Gtk-WARNING **: 13:01:01.639: Theme parsing error: gtk.css:76:30: The style property GtkExpander:expander-size is deprecated and shouldn't be used anymore. It will be removed in a future version

(/usr/lib/firefox/firefox:7112): Gtk-WARNING **: 13:01:02.047: Theme parsing error: gtk.css:68:35: The style property GtkButton:child-displacement-x is deprecated and shouldn't be used anymore. It will be removed in a future version

(/usr/lib/firefox/firefox:7112): Gtk-WARNING **: 13:01:02.047: Theme parsing error: gtk.css:69:35: The style property GtkButton:child-displacement-y is deprecated and shouldn't be used anymore. It will be removed in a future version

(/usr/lib/firefox/firefox:7112): Gtk-WARNING **: 13:01:02.048: Theme parsing error: gtk.css:71:36: The style property GtkCheckMenuItem:indicator-size is deprecated and shouldn't be used anymore. It will be removed in a future version

(/usr/lib/firefox/firefox:7112): Gtk-WARNING **: 13:01:02.048: Theme parsing error: gtk.css:76:30: The style property GtkExpander:expander-size is deprecated and shouldn't be used anymore. It will be removed in a future version

(firefox:6856): GLib-GIO-WARNING **: 13:01:02.369: /etc/xdg/kde-mimeapps.list contains a [Added Associations] group, but it is not permitted here.  Only the non-desktop-specific mimeapps.list file may add or remove associations.
console.error: SearchCache: "_readCacheFile: Error reading cache file:" (new Error("", "(unknown module)"))

(/usr/lib/firefox/firefox:7199): Gtk-WARNING **: 13:01:04.673: Locale not supported by C library.
	Using the fallback 'C' locale.
1605614465051	Marionette	INFO	Listening on port 46687
1605614465114	Marionette	WARN	TLS certificate errors will be ignored for this session

(firefox:7343): Gtk-WARNING **: 13:01:18.466: Locale not supported by C library.
	Using the fallback 'C' locale.

(/usr/lib/firefox/firefox:7569): Gtk-WARNING **: 13:01:20.877: Locale not supported by C library.
	Using the fallback 'C' locale.

(/usr/lib/firefox/firefox:7594): Gtk-WARNING **: 13:01:21.250: Locale not supported by C library.
	Using the fallback 'C' locale.

(/usr/lib/firefox/firefox:7569): Gtk-WARNING **: 13:01:21.332: Theme parsing error: gtk.css:68:35: The style property GtkButton:child-displacement-x is deprecated and shouldn't be used anymore. It will be removed in a future version

(/usr/lib/firefox/firefox:7569): Gtk-WARNING **: 13:01:21.332: Theme parsing error: gtk.css:69:35: The style property GtkButton:child-displacement-y is deprecated and shouldn't be used anymore. It will be removed in a future version

(/usr/lib/firefox/firefox:7569): Gtk-WARNING **: 13:01:21.333: Theme parsing error: gtk.css:71:36: The style property GtkCheckMenuItem:indicator-size is deprecated and shouldn't be used anymore. It will be removed in a future version

(/usr/lib/firefox/firefox:7569): Gtk-WARNING **: 13:01:21.333: Theme parsing error: gtk.css:76:30: The style property GtkExpander:expander-size is deprecated and shouldn't be used anymore. It will be removed in a future version

(/usr/lib/firefox/firefox:7594): Gtk-WARNING **: 13:01:21.735: Theme parsing error: gtk.css:68:35: The style property GtkButton:child-displacement-x is deprecated and shouldn't be used anymore. It will be removed in a future version

(/usr/lib/firefox/firefox:7594): Gtk-WARNING **: 13:01:21.736: Theme parsing error: gtk.css:69:35: The style property GtkButton:child-displacement-y is deprecated and shouldn't be used anymore. It will be removed in a future version

(/usr/lib/firefox/firefox:7594): Gtk-WARNING **: 13:01:21.736: Theme parsing error: gtk.css:71:36: The style property GtkCheckMenuItem:indicator-size is deprecated and shouldn't be used anymore. It will be removed in a future version

(/usr/lib/firefox/firefox:7594): Gtk-WARNING **: 13:01:21.736: Theme parsing error: gtk.css:76:30: The style property GtkExpander:expander-size is deprecated and shouldn't be used anymore. It will be removed in a future version
console.error: SearchCache: "_readCacheFile: Error reading cache file:" (new Error("", "(unknown module)"))

(firefox:7343): GLib-GIO-WARNING **: 13:01:21.891: /etc/xdg/kde-mimeapps.list contains a [Added Associations] group, but it is not permitted here.  Only the non-desktop-specific mimeapps.list file may add or remove associations.

(/usr/lib/firefox/firefox:7674): Gtk-WARNING **: 13:01:23.008: Locale not supported by C library.
	Using the fallback 'C' locale.
1605614483680	Marionette	INFO	Listening on port 43207
1605614483738	Marionette	WARN	TLS certificate errors will be ignored for this session

(firefox:7967): Gtk-WARNING **: 13:02:26.465: Locale not supported by C library.
	Using the fallback 'C' locale.

(/usr/lib/firefox/firefox:8149): Gtk-WARNING **: 13:02:27.703: Locale not supported by C library.
	Using the fallback 'C' locale.

(/usr/lib/firefox/firefox:8173): Gtk-WARNING **: 13:02:27.904: Locale not supported by C library.
	Using the fallback 'C' locale.

(/usr/lib/firefox/firefox:8149): Gtk-WARNING **: 13:02:27.945: Theme parsing error: gtk.css:68:35: The style property GtkButton:child-displacement-x is deprecated and shouldn't be used anymore. It will be removed in a future version

(/usr/lib/firefox/firefox:8149): Gtk-WARNING **: 13:02:27.945: Theme parsing error: gtk.css:69:35: The style property GtkButton:child-displacement-y is deprecated and shouldn't be used anymore. It will be removed in a future version

(/usr/lib/firefox/firefox:8149): Gtk-WARNING **: 13:02:27.946: Theme parsing error: gtk.css:71:36: The style property GtkCheckMenuItem:indicator-size is deprecated and shouldn't be used anymore. It will be removed in a future version

(/usr/lib/firefox/firefox:8149): Gtk-WARNING **: 13:02:27.946: Theme parsing error: gtk.css:76:30: The style property GtkExpander:expander-size is deprecated and shouldn't be used anymore. It will be removed in a future version

(/usr/lib/firefox/firefox:8173): Gtk-WARNING **: 13:02:28.230: Theme parsing error: gtk.css:68:35: The style property GtkButton:child-displacement-x is deprecated and shouldn't be used anymore. It will be removed in a future version

(/usr/lib/firefox/firefox:8173): Gtk-WARNING **: 13:02:28.231: Theme parsing error: gtk.css:69:35: The style property GtkButton:child-displacement-y is deprecated and shouldn't be used anymore. It will be removed in a future version

(/usr/lib/firefox/firefox:8173): Gtk-WARNING **: 13:02:28.231: Theme parsing error: gtk.css:71:36: The style property GtkCheckMenuItem:indicator-size is deprecated and shouldn't be used anymore. It will be removed in a future version

(/usr/lib/firefox/firefox:8173): Gtk-WARNING **: 13:02:28.232: Theme parsing error: gtk.css:76:30: The style property GtkExpander:expander-size is deprecated and shouldn't be used anymore. It will be removed in a future version
console.error: SearchCache: "_readCacheFile: Error reading cache file:" (new Error("", "(unknown module)"))

(firefox:7967): GLib-GIO-WARNING **: 13:02:28.455: /etc/xdg/kde-mimeapps.list contains a [Added Associations] group, but it is not permitted here.  Only the non-desktop-specific mimeapps.list file may add or remove associations.

(/usr/lib/firefox/firefox:8257): Gtk-WARNING **: 13:02:29.802: Locale not supported by C library.
	Using the fallback 'C' locale.
1605614550003	Marionette	INFO	Listening on port 43525
1605614550045	Marionette	WARN	TLS certificate errors will be ignored for this session

(firefox:8600): Gtk-WARNING **: 13:03:32.221: Locale not supported by C library.
	Using the fallback 'C' locale.

(/usr/lib/firefox/firefox:8794): Gtk-WARNING **: 13:03:33.574: Locale not supported by C library.
	Using the fallback 'C' locale.

(/usr/lib/firefox/firefox:8818): Gtk-WARNING **: 13:03:33.770: Locale not supported by C library.
	Using the fallback 'C' locale.

(/usr/lib/firefox/firefox:8794): Gtk-WARNING **: 13:03:33.828: Theme parsing error: gtk.css:68:35: The style property GtkButton:child-displacement-x is deprecated and shouldn't be used anymore. It will be removed in a future version

(/usr/lib/firefox/firefox:8794): Gtk-WARNING **: 13:03:33.829: Theme parsing error: gtk.css:69:35: The style property GtkButton:child-displacement-y is deprecated and shouldn't be used anymore. It will be removed in a future version

(/usr/lib/firefox/firefox:8794): Gtk-WARNING **: 13:03:33.829: Theme parsing error: gtk.css:71:36: The style property GtkCheckMenuItem:indicator-size is deprecated and shouldn't be used anymore. It will be removed in a future version

(/usr/lib/firefox/firefox:8794): Gtk-WARNING **: 13:03:33.829: Theme parsing error: gtk.css:76:30: The style property GtkExpander:expander-size is deprecated and shouldn't be used anymore. It will be removed in a future version

(/usr/lib/firefox/firefox:8818): Gtk-WARNING **: 13:03:34.151: Theme parsing error: gtk.css:68:35: The style property GtkButton:child-displacement-x is deprecated and shouldn't be used anymore. It will be removed in a future version

(/usr/lib/firefox/firefox:8818): Gtk-WARNING **: 13:03:34.152: Theme parsing error: gtk.css:69:35: The style property GtkButton:child-displacement-y is deprecated and shouldn't be used anymore. It will be removed in a future version

(/usr/lib/firefox/firefox:8818): Gtk-WARNING **: 13:03:34.153: Theme parsing error: gtk.css:71:36: The style property GtkCheckMenuItem:indicator-size is deprecated and shouldn't be used anymore. It will be removed in a future version

(/usr/lib/firefox/firefox:8818): Gtk-WARNING **: 13:03:34.153: Theme parsing error: gtk.css:76:30: The style property GtkExpander:expander-size is deprecated and shouldn't be used anymore. It will be removed in a future version
console.error: SearchCache: "_readCacheFile: Error reading cache file:" (new Error("", "(unknown module)"))

(firefox:8600): GLib-GIO-WARNING **: 13:03:34.321: /etc/xdg/kde-mimeapps.list contains a [Added Associations] group, but it is not permitted here.  Only the non-desktop-specific mimeapps.list file may add or remove associations.

(/usr/lib/firefox/firefox:8907): Gtk-WARNING **: 13:03:35.577: Locale not supported by C library.
	Using the fallback 'C' locale.
1605614615799	Marionette	INFO	Listening on port 45715
1605614615890	Marionette	WARN	TLS certificate errors will be ignored for this session

(firefox:9164): Gtk-WARNING **: 13:04:33.552: Locale not supported by C library.
	Using the fallback 'C' locale.

(/usr/lib/firefox/firefox:9352): Gtk-WARNING **: 13:04:34.802: Locale not supported by C library.
	Using the fallback 'C' locale.

(/usr/lib/firefox/firefox:9378): Gtk-WARNING **: 13:04:35.011: Locale not supported by C library.
	Using the fallback 'C' locale.

(/usr/lib/firefox/firefox:9352): Gtk-WARNING **: 13:04:35.129: Theme parsing error: gtk.css:68:35: The style property GtkButton:child-displacement-x is deprecated and shouldn't be used anymore. It will be removed in a future version

(/usr/lib/firefox/firefox:9352): Gtk-WARNING **: 13:04:35.130: Theme parsing error: gtk.css:69:35: The style property GtkButton:child-displacement-y is deprecated and shouldn't be used anymore. It will be removed in a future version

(/usr/lib/firefox/firefox:9352): Gtk-WARNING **: 13:04:35.130: Theme parsing error: gtk.css:71:36: The style property GtkCheckMenuItem:indicator-size is deprecated and shouldn't be used anymore. It will be removed in a future version

(/usr/lib/firefox/firefox:9352): Gtk-WARNING **: 13:04:35.130: Theme parsing error: gtk.css:76:30: The style property GtkExpander:expander-size is deprecated and shouldn't be used anymore. It will be removed in a future version

(/usr/lib/firefox/firefox:9378): Gtk-WARNING **: 13:04:35.419: Theme parsing error: gtk.css:68:35: The style property GtkButton:child-displacement-x is deprecated and shouldn't be used anymore. It will be removed in a future version

(/usr/lib/firefox/firefox:9378): Gtk-WARNING **: 13:04:35.420: Theme parsing error: gtk.css:69:35: The style property GtkButton:child-displacement-y is deprecated and shouldn't be used anymore. It will be removed in a future version

(/usr/lib/firefox/firefox:9378): Gtk-WARNING **: 13:04:35.420: Theme parsing error: gtk.css:71:36: The style property GtkCheckMenuItem:indicator-size is deprecated and shouldn't be used anymore. It will be removed in a future version

(/usr/lib/firefox/firefox:9378): Gtk-WARNING **: 13:04:35.420: Theme parsing error: gtk.css:76:30: The style property GtkExpander:expander-size is deprecated and shouldn't be used anymore. It will be removed in a future version
console.error: SearchCache: "_readCacheFile: Error reading cache file:" (new Error("", "(unknown module)"))

(firefox:9164): GLib-GIO-WARNING **: 13:04:35.607: /etc/xdg/kde-mimeapps.list contains a [Added Associations] group, but it is not permitted here.  Only the non-desktop-specific mimeapps.list file may add or remove associations.

(/usr/lib/firefox/firefox:9468): Gtk-WARNING **: 13:04:36.978: Locale not supported by C library.
	Using the fallback 'C' locale.
1605614677193	Marionette	INFO	Listening on port 40877
1605614677216	Marionette	WARN	TLS certificate errors will be ignored for this session

(firefox:9704): Gtk-WARNING **: 13:05:22.301: Locale not supported by C library.
	Using the fallback 'C' locale.

(/usr/lib/firefox/firefox:9901): Gtk-WARNING **: 13:05:23.602: Locale not supported by C library.
	Using the fallback 'C' locale.

(/usr/lib/firefox/firefox:9925): Gtk-WARNING **: 13:05:23.785: Locale not supported by C library.
	Using the fallback 'C' locale.

(/usr/lib/firefox/firefox:9901): Gtk-WARNING **: 13:05:23.878: Theme parsing error: gtk.css:68:35: The style property GtkButton:child-displacement-x is deprecated and shouldn't be used anymore. It will be removed in a future version

(/usr/lib/firefox/firefox:9901): Gtk-WARNING **: 13:05:23.878: Theme parsing error: gtk.css:69:35: The style property GtkButton:child-displacement-y is deprecated and shouldn't be used anymore. It will be removed in a future version

(/usr/lib/firefox/firefox:9901): Gtk-WARNING **: 13:05:23.878: Theme parsing error: gtk.css:71:36: The style property GtkCheckMenuItem:indicator-size is deprecated and shouldn't be used anymore. It will be removed in a future version

(/usr/lib/firefox/firefox:9901): Gtk-WARNING **: 13:05:23.879: Theme parsing error: gtk.css:76:30: The style property GtkExpander:expander-size is deprecated and shouldn't be used anymore. It will be removed in a future version

(/usr/lib/firefox/firefox:9925): Gtk-WARNING **: 13:05:24.129: Theme parsing error: gtk.css:68:35: The style property GtkButton:child-displacement-x is deprecated and shouldn't be used anymore. It will be removed in a future version

(/usr/lib/firefox/firefox:9925): Gtk-WARNING **: 13:05:24.129: Theme parsing error: gtk.css:69:35: The style property GtkButton:child-displacement-y is deprecated and shouldn't be used anymore. It will be removed in a future version

(/usr/lib/firefox/firefox:9925): Gtk-WARNING **: 13:05:24.130: Theme parsing error: gtk.css:71:36: The style property GtkCheckMenuItem:indicator-size is deprecated and shouldn't be used anymore. It will be removed in a future version

(/usr/lib/firefox/firefox:9925): Gtk-WARNING **: 13:05:24.130: Theme parsing error: gtk.css:76:30: The style property GtkExpander:expander-size is deprecated and shouldn't be used anymore. It will be removed in a future version
console.error: SearchCache: "_readCacheFile: Error reading cache file:" (new Error("", "(unknown module)"))

(firefox:9704): GLib-GIO-WARNING **: 13:05:24.289: /etc/xdg/kde-mimeapps.list contains a [Added Associations] group, but it is not permitted here.  Only the non-desktop-specific mimeapps.list file may add or remove associations.

(/usr/lib/firefox/firefox:10011): Gtk-WARNING **: 13:05:25.680: Locale not supported by C library.
	Using the fallback 'C' locale.
1605614725905	Marionette	INFO	Listening on port 43663
1605614725997	Marionette	WARN	TLS certificate errors will be ignored for this session
console.warn: LoginRecipes: "getRecipes: falling back to a synchronous message for:" "https://mef-moodle.nc-cloud.com"
1605614735262	Marionette	INFO	Stopped listening on port 43663

(firefox:10688): Gtk-WARNING **: 13:07:42.129: Locale not supported by C library.
	Using the fallback 'C' locale.

(/usr/lib/firefox/firefox:10871): Gtk-WARNING **: 13:07:43.321: Locale not supported by C library.
	Using the fallback 'C' locale.

(/usr/lib/firefox/firefox:10895): Gtk-WARNING **: 13:07:43.517: Locale not supported by C library.
	Using the fallback 'C' locale.

(/usr/lib/firefox/firefox:10871): Gtk-WARNING **: 13:07:43.580: Theme parsing error: gtk.css:68:35: The style property GtkButton:child-displacement-x is deprecated and shouldn't be used anymore. It will be removed in a future version

(/usr/lib/firefox/firefox:10871): Gtk-WARNING **: 13:07:43.580: Theme parsing error: gtk.css:69:35: The style property GtkButton:child-displacement-y is deprecated and shouldn't be used anymore. It will be removed in a future version

(/usr/lib/firefox/firefox:10871): Gtk-WARNING **: 13:07:43.581: Theme parsing error: gtk.css:71:36: The style property GtkCheckMenuItem:indicator-size is deprecated and shouldn't be used anymore. It will be removed in a future version

(/usr/lib/firefox/firefox:10871): Gtk-WARNING **: 13:07:43.581: Theme parsing error: gtk.css:76:30: The style property GtkExpander:expander-size is deprecated and shouldn't be used anymore. It will be removed in a future version

(/usr/lib/firefox/firefox:10895): Gtk-WARNING **: 13:07:43.857: Theme parsing error: gtk.css:68:35: The style property GtkButton:child-displacement-x is deprecated and shouldn't be used anymore. It will be removed in a future version

(/usr/lib/firefox/firefox:10895): Gtk-WARNING **: 13:07:43.858: Theme parsing error: gtk.css:69:35: The style property GtkButton:child-displacement-y is deprecated and shouldn't be used anymore. It will be removed in a future version

(/usr/lib/firefox/firefox:10895): Gtk-WARNING **: 13:07:43.858: Theme parsing error: gtk.css:71:36: The style property GtkCheckMenuItem:indicator-size is deprecated and shouldn't be used anymore. It will be removed in a future version

(/usr/lib/firefox/firefox:10895): Gtk-WARNING **: 13:07:43.858: Theme parsing error: gtk.css:76:30: The style property GtkExpander:expander-size is deprecated and shouldn't be used anymore. It will be removed in a future version
console.error: SearchCache: "_readCacheFile: Error reading cache file:" (new Error("", "(unknown module)"))

(firefox:10688): GLib-GIO-WARNING **: 13:07:43.966: /etc/xdg/kde-mimeapps.list contains a [Added Associations] group, but it is not permitted here.  Only the non-desktop-specific mimeapps.list file may add or remove associations.

(/usr/lib/firefox/firefox:10982): Gtk-WARNING **: 13:07:45.200: Locale not supported by C library.
	Using the fallback 'C' locale.
1605614865414	Marionette	INFO	Listening on port 42717
1605614865490	Marionette	WARN	TLS certificate errors will be ignored for this session
console.warn: LoginRecipes: "getRecipes: falling back to a synchronous message for:" "https://mef-moodle.nc-cloud.com"
console.warn: LoginRecipes: "getRecipes: falling back to a synchronous message for:" "https://mef-moodle.nc-cloud.com"
1605615017966	Marionette	INFO	Stopped listening on port 40877
IPDL protocol error: Handler returned error code!

###!!! [Parent][DispatchAsyncMessage] Error: PLayerTransaction::Msg_ReleaseLayer Processing error: message was deserialized, but the handler returned false (indicating failure)

IPDL protocol error: Handler returned error code!

###!!! [Parent][DispatchAsyncMessage] Error: PLayerTransaction::Msg_ReleaseLayer Processing error: message was deserialized, but the handler returned false (indicating failure)

IPDL protocol error: Handler returned error code!

###!!! [Parent][DispatchAsyncMessage] Error: PLayerTransaction::Msg_ReleaseLayer Processing error: message was deserialized, but the handler returned false (indicating failure)

IPDL protocol error: Handler returned error code!

###!!! [Parent][DispatchAsyncMessage] Error: PLayerTransaction::Msg_ReleaseLayer Processing error: message was deserialized, but the handler returned false (indicating failure)

IPDL protocol error: Handler returned error code!

###!!! [Parent][DispatchAsyncMessage] Error: PLayerTransaction::Msg_ReleaseLayer Processing error: message was deserialized, but the handler returned false (indicating failure)

IPDL protocol error: Handler returned error code!

###!!! [Parent][DispatchAsyncMessage] Error: PLayerTransaction::Msg_ReleaseLayer Processing error: message was deserialized, but the handler returned false (indicating failure)

IPDL protocol error: Handler returned error code!

###!!! [Parent][DispatchAsyncMessage] Error: PLayerTransaction::Msg_ReleaseLayer Processing error: message was deserialized, but the handler returned false (indicating failure)

IPDL protocol error: Handler returned error code!

###!!! [Parent][DispatchAsyncMessage] Error: PLayerTransaction::Msg_ReleaseLayer Processing error: message was deserialized, but the handler returned false (indicating failure)

IPDL protocol error: Handler returned error code!

###!!! [Parent][DispatchAsyncMessage] Error: PLayerTransaction::Msg_ReleaseLayer Processing error: message was deserialized, but the handler returned false (indicating failure)

IPDL protocol error: Handler returned error code!

###!!! [Parent][DispatchAsyncMessage] Error: PLayerTransaction::Msg_ReleaseLayer Processing error: message was deserialized, but the handler returned false (indicating failure)

IPDL protocol error: Handler returned error code!

###!!! [Parent][DispatchAsyncMessage] Error: PLayerTransaction::Msg_ReleaseLayer Processing error: message was deserialized, but the handler returned false (indicating failure)

IPDL protocol error: Handler returned error code!

###!!! [Parent][DispatchAsyncMessage] Error: PLayerTransaction::Msg_ReleaseLayer Processing error: message was deserialized, but the handler returned false (indicating failure)

IPDL protocol error: Handler returned error code!

###!!! [Parent][DispatchAsyncMessage] Error: PLayerTransaction::Msg_ReleaseLayer Processing error: message was deserialized, but the handler returned false (indicating failure)

IPDL protocol error: Handler returned error code!

###!!! [Parent][DispatchAsyncMessage] Error: PLayerTransaction::Msg_ReleaseLayer Processing error: message was deserialized, but the handler returned false (indicating failure)

IPDL protocol error: Handler returned error code!

###!!! [Parent][DispatchAsyncMessage] Error: PLayerTransaction::Msg_ReleaseLayer Processing error: message was deserialized, but the handler returned false (indicating failure)

1605615174093	Marionette	INFO	Stopped listening on port 42717

(firefox:12176): Gtk-WARNING **: 13:12:58.260: Locale not supported by C library.
	Using the fallback 'C' locale.

(/usr/lib/firefox/firefox:12377): Gtk-WARNING **: 13:12:59.967: Locale not supported by C library.
	Using the fallback 'C' locale.

(/usr/lib/firefox/firefox:12404): Gtk-WARNING **: 13:13:00.211: Locale not supported by C library.
	Using the fallback 'C' locale.

(/usr/lib/firefox/firefox:12377): Gtk-WARNING **: 13:13:00.252: Theme parsing error: gtk.css:68:35: The style property GtkButton:child-displacement-x is deprecated and shouldn't be used anymore. It will be removed in a future version

(/usr/lib/firefox/firefox:12377): Gtk-WARNING **: 13:13:00.252: Theme parsing error: gtk.css:69:35: The style property GtkButton:child-displacement-y is deprecated and shouldn't be used anymore. It will be removed in a future version

(/usr/lib/firefox/firefox:12377): Gtk-WARNING **: 13:13:00.252: Theme parsing error: gtk.css:71:36: The style property GtkCheckMenuItem:indicator-size is deprecated and shouldn't be used anymore. It will be removed in a future version

(/usr/lib/firefox/firefox:12377): Gtk-WARNING **: 13:13:00.253: Theme parsing error: gtk.css:76:30: The style property GtkExpander:expander-size is deprecated and shouldn't be used anymore. It will be removed in a future version

(/usr/lib/firefox/firefox:12404): Gtk-WARNING **: 13:13:00.706: Theme parsing error: gtk.css:68:35: The style property GtkButton:child-displacement-x is deprecated and shouldn't be used anymore. It will be removed in a future version

(/usr/lib/firefox/firefox:12404): Gtk-WARNING **: 13:13:00.709: Theme parsing error: gtk.css:69:35: The style property GtkButton:child-displacement-y is deprecated and shouldn't be used anymore. It will be removed in a future version

(/usr/lib/firefox/firefox:12404): Gtk-WARNING **: 13:13:00.710: Theme parsing error: gtk.css:71:36: The style property GtkCheckMenuItem:indicator-size is deprecated and shouldn't be used anymore. It will be removed in a future version

(/usr/lib/firefox/firefox:12404): Gtk-WARNING **: 13:13:00.712: Theme parsing error: gtk.css:76:30: The style property GtkExpander:expander-size is deprecated and shouldn't be used anymore. It will be removed in a future version
console.error: SearchCache: "_readCacheFile: Error reading cache file:" (new Error("", "(unknown module)"))

(firefox:12176): GLib-GIO-WARNING **: 13:13:00.988: /etc/xdg/kde-mimeapps.list contains a [Added Associations] group, but it is not permitted here.  Only the non-desktop-specific mimeapps.list file may add or remove associations.

(/usr/lib/firefox/firefox:12492): Gtk-WARNING **: 13:13:02.449: Locale not supported by C library.
	Using the fallback 'C' locale.
1605615183050	Marionette	INFO	Listening on port 45321
1605615183138	Marionette	WARN	TLS certificate errors will be ignored for this session
IPDL protocol error: Handler returned error code!

###!!! [Parent][DispatchAsyncMessage] Error: PLayerTransaction::Msg_ReleaseLayer Processing error: message was deserialized, but the handler returned false (indicating failure)

IPDL protocol error: Handler returned error code!

###!!! [Parent][DispatchAsyncMessage] Error: PLayerTransaction::Msg_ReleaseLayer Processing error: message was deserialized, but the handler returned false (indicating failure)

IPDL protocol error: Handler returned error code!

###!!! [Parent][DispatchAsyncMessage] Error: PLayerTransaction::Msg_ReleaseLayer Processing error: message was deserialized, but the handler returned false (indicating failure)

IPDL protocol error: Handler returned error code!

###!!! [Parent][DispatchAsyncMessage] Error: PLayerTransaction::Msg_ReleaseLayer Processing error: message was deserialized, but the handler returned false (indicating failure)

IPDL protocol error: Handler returned error code!

###!!! [Parent][DispatchAsyncMessage] Error: PLayerTransaction::Msg_ReleaseLayer Processing error: message was deserialized, but the handler returned false (indicating failure)

IPDL protocol error: Handler returned error code!

###!!! [Parent][DispatchAsyncMessage] Error: PLayerTransaction::Msg_ReleaseLayer Processing error: message was deserialized, but the handler returned false (indicating failure)

IPDL protocol error: Handler returned error code!

###!!! [Parent][DispatchAsyncMessage] Error: PLayerTransaction::Msg_ReleaseLayer Processing error: message was deserialized, but the handler returned false (indicating failure)

1605615311540	Marionette	INFO	Stopped listening on port 45321

(firefox:13133): Gtk-WARNING **: 13:15:39.630: Locale not supported by C library.
	Using the fallback 'C' locale.

(/usr/lib/firefox/firefox:13338): Gtk-WARNING **: 13:15:41.391: Locale not supported by C library.
	Using the fallback 'C' locale.

(/usr/lib/firefox/firefox:13362): Gtk-WARNING **: 13:15:41.638: Locale not supported by C library.
	Using the fallback 'C' locale.

(/usr/lib/firefox/firefox:13338): Gtk-WARNING **: 13:15:41.678: Theme parsing error: gtk.css:68:35: The style property GtkButton:child-displacement-x is deprecated and shouldn't be used anymore. It will be removed in a future version

(/usr/lib/firefox/firefox:13338): Gtk-WARNING **: 13:15:41.678: Theme parsing error: gtk.css:69:35: The style property GtkButton:child-displacement-y is deprecated and shouldn't be used anymore. It will be removed in a future version

(/usr/lib/firefox/firefox:13338): Gtk-WARNING **: 13:15:41.679: Theme parsing error: gtk.css:71:36: The style property GtkCheckMenuItem:indicator-size is deprecated and shouldn't be used anymore. It will be removed in a future version

(/usr/lib/firefox/firefox:13338): Gtk-WARNING **: 13:15:41.679: Theme parsing error: gtk.css:76:30: The style property GtkExpander:expander-size is deprecated and shouldn't be used anymore. It will be removed in a future version

(/usr/lib/firefox/firefox:13362): Gtk-WARNING **: 13:15:42.002: Theme parsing error: gtk.css:68:35: The style property GtkButton:child-displacement-x is deprecated and shouldn't be used anymore. It will be removed in a future version

(/usr/lib/firefox/firefox:13362): Gtk-WARNING **: 13:15:42.003: Theme parsing error: gtk.css:69:35: The style property GtkButton:child-displacement-y is deprecated and shouldn't be used anymore. It will be removed in a future version

(/usr/lib/firefox/firefox:13362): Gtk-WARNING **: 13:15:42.003: Theme parsing error: gtk.css:71:36: The style property GtkCheckMenuItem:indicator-size is deprecated and shouldn't be used anymore. It will be removed in a future version

(/usr/lib/firefox/firefox:13362): Gtk-WARNING **: 13:15:42.003: Theme parsing error: gtk.css:76:30: The style property GtkExpander:expander-size is deprecated and shouldn't be used anymore. It will be removed in a future version

(firefox:13133): GLib-GIO-WARNING **: 13:15:42.226: /etc/xdg/kde-mimeapps.list contains a [Added Associations] group, but it is not permitted here.  Only the non-desktop-specific mimeapps.list file may add or remove associations.
console.error: SearchCache: "_readCacheFile: Error reading cache file:" (new Error("", "(unknown module)"))

(/usr/lib/firefox/firefox:13446): Gtk-WARNING **: 13:15:44.054: Locale not supported by C library.
	Using the fallback 'C' locale.
1605615344467	Marionette	INFO	Listening on port 37735
1605615344527	Marionette	WARN	TLS certificate errors will be ignored for this session
JavaScript error: resource://gre/actors/AutoCompleteChild.jsm, line 235: Error: Invalid autocomplete selectedIndex
JavaScript error: resource://gre/actors/AutoCompleteChild.jsm, line 235: Error: Invalid autocomplete selectedIndex
JavaScript error: resource://gre/modules/LoginManagerChild.jsm, line 190: NS_ERROR_XPC_JAVASCRIPT_ERROR_WITH_DETAILS: [JavaScript Error: "Invalid autocomplete selectedIndex" {file: "resource://gre/actors/AutoCompleteChild.jsm" line: 235}]'[JavaScript Error: "Invalid autocomplete selectedIndex" {file: "resource://gre/actors/AutoCompleteChild.jsm" line: 235}]' when calling method: [nsIAutoCompletePopup::selectedIndex]
JavaScript error: https://mef-moodle.nc-cloud.com/my/, line 2698: ReferenceError: $ is not defined
1605615357149	Marionette	INFO	Stopped listening on port 37735

(firefox:14989): Gtk-WARNING **: 13:24:49.251: Locale not supported by C library.
	Using the fallback 'C' locale.

(/usr/lib/firefox/firefox:15203): Gtk-WARNING **: 13:24:50.566: Locale not supported by C library.
	Using the fallback 'C' locale.

(/usr/lib/firefox/firefox:15227): Gtk-WARNING **: 13:24:50.818: Locale not supported by C library.
	Using the fallback 'C' locale.

(/usr/lib/firefox/firefox:15203): Gtk-WARNING **: 13:24:50.869: Theme parsing error: gtk.css:68:35: The style property GtkButton:child-displacement-x is deprecated and shouldn't be used anymore. It will be removed in a future version

(/usr/lib/firefox/firefox:15203): Gtk-WARNING **: 13:24:50.870: Theme parsing error: gtk.css:69:35: The style property GtkButton:child-displacement-y is deprecated and shouldn't be used anymore. It will be removed in a future version

(/usr/lib/firefox/firefox:15203): Gtk-WARNING **: 13:24:50.870: Theme parsing error: gtk.css:71:36: The style property GtkCheckMenuItem:indicator-size is deprecated and shouldn't be used anymore. It will be removed in a future version

(/usr/lib/firefox/firefox:15203): Gtk-WARNING **: 13:24:50.870: Theme parsing error: gtk.css:76:30: The style property GtkExpander:expander-size is deprecated and shouldn't be used anymore. It will be removed in a future version

(/usr/lib/firefox/firefox:15227): Gtk-WARNING **: 13:24:51.159: Theme parsing error: gtk.css:68:35: The style property GtkButton:child-displacement-x is deprecated and shouldn't be used anymore. It will be removed in a future version

(/usr/lib/firefox/firefox:15227): Gtk-WARNING **: 13:24:51.160: Theme parsing error: gtk.css:69:35: The style property GtkButton:child-displacement-y is deprecated and shouldn't be used anymore. It will be removed in a future version

(/usr/lib/firefox/firefox:15227): Gtk-WARNING **: 13:24:51.160: Theme parsing error: gtk.css:71:36: The style property GtkCheckMenuItem:indicator-size is deprecated and shouldn't be used anymore. It will be removed in a future version

(/usr/lib/firefox/firefox:15227): Gtk-WARNING **: 13:24:51.160: Theme parsing error: gtk.css:76:30: The style property GtkExpander:expander-size is deprecated and shouldn't be used anymore. It will be removed in a future version

(firefox:14989): GLib-GIO-WARNING **: 13:24:51.344: /etc/xdg/kde-mimeapps.list contains a [Added Associations] group, but it is not permitted here.  Only the non-desktop-specific mimeapps.list file may add or remove associations.
console.error: SearchCache: "_readCacheFile: Error reading cache file:" (new Error("", "(unknown module)"))

(/usr/lib/firefox/firefox:15313): Gtk-WARNING **: 13:24:53.182: Locale not supported by C library.
	Using the fallback 'C' locale.
1605615893474	Marionette	INFO	Listening on port 43579
1605615893538	Marionette	WARN	TLS certificate errors will be ignored for this session
JavaScript error: resource://gre/actors/AutoCompleteChild.jsm, line 235: Error: Invalid autocomplete selectedIndex
JavaScript error: resource://gre/actors/AutoCompleteChild.jsm, line 235: Error: Invalid autocomplete selectedIndex
JavaScript error: resource://gre/modules/LoginManagerChild.jsm, line 190: NS_ERROR_XPC_JAVASCRIPT_ERROR_WITH_DETAILS: [JavaScript Error: "Invalid autocomplete selectedIndex" {file: "resource://gre/actors/AutoCompleteChild.jsm" line: 235}]'[JavaScript Error: "Invalid autocomplete selectedIndex" {file: "resource://gre/actors/AutoCompleteChild.jsm" line: 235}]' when calling method: [nsIAutoCompletePopup::selectedIndex]
JavaScript error: https://mef-moodle.nc-cloud.com/my/, line 2704: ReferenceError: $ is not defined
1605615900910	Marionette	INFO	Stopped listening on port 43579

(firefox:17586): Gtk-WARNING **: 14:17:24.090: Locale not supported by C library.
	Using the fallback 'C' locale.

(/usr/lib/firefox/firefox:17779): Gtk-WARNING **: 14:17:25.603: Locale not supported by C library.
	Using the fallback 'C' locale.

(/usr/lib/firefox/firefox:17803): Gtk-WARNING **: 14:17:25.862: Locale not supported by C library.
	Using the fallback 'C' locale.

(/usr/lib/firefox/firefox:17779): Gtk-WARNING **: 14:17:25.909: Theme parsing error: gtk.css:68:35: The style property GtkButton:child-displacement-x is deprecated and shouldn't be used anymore. It will be removed in a future version

(/usr/lib/firefox/firefox:17779): Gtk-WARNING **: 14:17:25.910: Theme parsing error: gtk.css:69:35: The style property GtkButton:child-displacement-y is deprecated and shouldn't be used anymore. It will be removed in a future version

(/usr/lib/firefox/firefox:17779): Gtk-WARNING **: 14:17:25.910: Theme parsing error: gtk.css:71:36: The style property GtkCheckMenuItem:indicator-size is deprecated and shouldn't be used anymore. It will be removed in a future version

(/usr/lib/firefox/firefox:17779): Gtk-WARNING **: 14:17:25.910: Theme parsing error: gtk.css:76:30: The style property GtkExpander:expander-size is deprecated and shouldn't be used anymore. It will be removed in a future version

(/usr/lib/firefox/firefox:17803): Gtk-WARNING **: 14:17:26.359: Theme parsing error: gtk.css:68:35: The style property GtkButton:child-displacement-x is deprecated and shouldn't be used anymore. It will be removed in a future version

(/usr/lib/firefox/firefox:17803): Gtk-WARNING **: 14:17:26.360: Theme parsing error: gtk.css:69:35: The style property GtkButton:child-displacement-y is deprecated and shouldn't be used anymore. It will be removed in a future version

(/usr/lib/firefox/firefox:17803): Gtk-WARNING **: 14:17:26.361: Theme parsing error: gtk.css:71:36: The style property GtkCheckMenuItem:indicator-size is deprecated and shouldn't be used anymore. It will be removed in a future version

(/usr/lib/firefox/firefox:17803): Gtk-WARNING **: 14:17:26.365: Theme parsing error: gtk.css:76:30: The style property GtkExpander:expander-size is deprecated and shouldn't be used anymore. It will be removed in a future version
console.error: SearchCache: "_readCacheFile: Error reading cache file:" (new Error("", "(unknown module)"))

(firefox:17586): GLib-GIO-WARNING **: 14:17:26.684: /etc/xdg/kde-mimeapps.list contains a [Added Associations] group, but it is not permitted here.  Only the non-desktop-specific mimeapps.list file may add or remove associations.

(/usr/lib/firefox/firefox:17882): Gtk-WARNING **: 14:17:28.265: Locale not supported by C library.
	Using the fallback 'C' locale.
1605619048869	Marionette	INFO	Listening on port 38881
1605619048952	Marionette	WARN	TLS certificate errors will be ignored for this session
1605619050656	Marionette	INFO	Stopped listening on port 38881

(firefox:18075): Gtk-WARNING **: 14:17:56.021: Locale not supported by C library.
	Using the fallback 'C' locale.

(/usr/lib/firefox/firefox:18274): Gtk-WARNING **: 14:17:57.349: Locale not supported by C library.
	Using the fallback 'C' locale.

(/usr/lib/firefox/firefox:18298): Gtk-WARNING **: 14:17:57.597: Locale not supported by C library.
	Using the fallback 'C' locale.

(/usr/lib/firefox/firefox:18274): Gtk-WARNING **: 14:17:57.608: Theme parsing error: gtk.css:68:35: The style property GtkButton:child-displacement-x is deprecated and shouldn't be used anymore. It will be removed in a future version

(/usr/lib/firefox/firefox:18274): Gtk-WARNING **: 14:17:57.609: Theme parsing error: gtk.css:69:35: The style property GtkButton:child-displacement-y is deprecated and shouldn't be used anymore. It will be removed in a future version

(/usr/lib/firefox/firefox:18274): Gtk-WARNING **: 14:17:57.609: Theme parsing error: gtk.css:71:36: The style property GtkCheckMenuItem:indicator-size is deprecated and shouldn't be used anymore. It will be removed in a future version

(/usr/lib/firefox/firefox:18274): Gtk-WARNING **: 14:17:57.610: Theme parsing error: gtk.css:76:30: The style property GtkExpander:expander-size is deprecated and shouldn't be used anymore. It will be removed in a future version

(/usr/lib/firefox/firefox:18298): Gtk-WARNING **: 14:17:58.059: Theme parsing error: gtk.css:68:35: The style property GtkButton:child-displacement-x is deprecated and shouldn't be used anymore. It will be removed in a future version

(/usr/lib/firefox/firefox:18298): Gtk-WARNING **: 14:17:58.059: Theme parsing error: gtk.css:69:35: The style property GtkButton:child-displacement-y is deprecated and shouldn't be used anymore. It will be removed in a future version

(/usr/lib/firefox/firefox:18298): Gtk-WARNING **: 14:17:58.059: Theme parsing error: gtk.css:71:36: The style property GtkCheckMenuItem:indicator-size is deprecated and shouldn't be used anymore. It will be removed in a future version

(/usr/lib/firefox/firefox:18298): Gtk-WARNING **: 14:17:58.060: Theme parsing error: gtk.css:76:30: The style property GtkExpander:expander-size is deprecated and shouldn't be used anymore. It will be removed in a future version
console.error: SearchCache: "_readCacheFile: Error reading cache file:" (new Error("", "(unknown module)"))

(firefox:18075): GLib-GIO-WARNING **: 14:17:58.680: /etc/xdg/kde-mimeapps.list contains a [Added Associations] group, but it is not permitted here.  Only the non-desktop-specific mimeapps.list file may add or remove associations.

(/usr/lib/firefox/firefox:18383): Gtk-WARNING **: 14:17:59.650: Locale not supported by C library.
	Using the fallback 'C' locale.
1605619080208	Marionette	INFO	Listening on port 36331
1605619080314	Marionette	WARN	TLS certificate errors will be ignored for this session
JavaScript error: resource://gre/actors/AutoCompleteChild.jsm, line 235: Error: Invalid autocomplete selectedIndex
JavaScript error: resource://gre/actors/AutoCompleteChild.jsm, line 235: Error: Invalid autocomplete selectedIndex
JavaScript error: resource://gre/modules/LoginManagerChild.jsm, line 190: NS_ERROR_XPC_JAVASCRIPT_ERROR_WITH_DETAILS: [JavaScript Error: "Invalid autocomplete selectedIndex" {file: "resource://gre/actors/AutoCompleteChild.jsm" line: 235}]'[JavaScript Error: "Invalid autocomplete selectedIndex" {file: "resource://gre/actors/AutoCompleteChild.jsm" line: 235}]' when calling method: [nsIAutoCompletePopup::selectedIndex]
JavaScript error: resource://gre/actors/AutoCompleteChild.jsm, line 235: Error: Invalid autocomplete selectedIndex
JavaScript error: resource://gre/actors/AutoCompleteChild.jsm, line 235: Error: Invalid autocomplete selectedIndex
JavaScript error: resource://gre/modules/LoginManagerChild.jsm, line 190: NS_ERROR_XPC_JAVASCRIPT_ERROR_WITH_DETAILS: [JavaScript Error: "Invalid autocomplete selectedIndex" {file: "resource://gre/actors/AutoCompleteChild.jsm" line: 235}]'[JavaScript Error: "Invalid autocomplete selectedIndex" {file: "resource://gre/actors/AutoCompleteChild.jsm" line: 235}]' when calling method: [nsIAutoCompletePopup::selectedIndex]
JavaScript error: https://mef-moodle.nc-cloud.com/my/, line 2704: ReferenceError: $ is not defined

(firefox:18550): Gtk-WARNING **: 14:18:20.716: Locale not supported by C library.
	Using the fallback 'C' locale.

(/usr/lib/firefox/firefox:18746): Gtk-WARNING **: 14:18:21.987: Locale not supported by C library.
	Using the fallback 'C' locale.

(/usr/lib/firefox/firefox:18773): Gtk-WARNING **: 14:18:22.184: Locale not supported by C library.
	Using the fallback 'C' locale.

(/usr/lib/firefox/firefox:18746): Gtk-WARNING **: 14:18:22.219: Theme parsing error: gtk.css:68:35: The style property GtkButton:child-displacement-x is deprecated and shouldn't be used anymore. It will be removed in a future version

(/usr/lib/firefox/firefox:18746): Gtk-WARNING **: 14:18:22.219: Theme parsing error: gtk.css:69:35: The style property GtkButton:child-displacement-y is deprecated and shouldn't be used anymore. It will be removed in a future version

(/usr/lib/firefox/firefox:18746): Gtk-WARNING **: 14:18:22.220: Theme parsing error: gtk.css:71:36: The style property GtkCheckMenuItem:indicator-size is deprecated and shouldn't be used anymore. It will be removed in a future version

(/usr/lib/firefox/firefox:18746): Gtk-WARNING **: 14:18:22.220: Theme parsing error: gtk.css:76:30: The style property GtkExpander:expander-size is deprecated and shouldn't be used anymore. It will be removed in a future version

(/usr/lib/firefox/firefox:18773): Gtk-WARNING **: 14:18:22.538: Theme parsing error: gtk.css:68:35: The style property GtkButton:child-displacement-x is deprecated and shouldn't be used anymore. It will be removed in a future version

(/usr/lib/firefox/firefox:18773): Gtk-WARNING **: 14:18:22.539: Theme parsing error: gtk.css:69:35: The style property GtkButton:child-displacement-y is deprecated and shouldn't be used anymore. It will be removed in a future version

(/usr/lib/firefox/firefox:18773): Gtk-WARNING **: 14:18:22.540: Theme parsing error: gtk.css:71:36: The style property GtkCheckMenuItem:indicator-size is deprecated and shouldn't be used anymore. It will be removed in a future version

(/usr/lib/firefox/firefox:18773): Gtk-WARNING **: 14:18:22.540: Theme parsing error: gtk.css:76:30: The style property GtkExpander:expander-size is deprecated and shouldn't be used anymore. It will be removed in a future version
console.error: SearchCache: "_readCacheFile: Error reading cache file:" (new Error("", "(unknown module)"))

(firefox:18550): GLib-GIO-WARNING **: 14:18:22.764: /etc/xdg/kde-mimeapps.list contains a [Added Associations] group, but it is not permitted here.  Only the non-desktop-specific mimeapps.list file may add or remove associations.

(/usr/lib/firefox/firefox:18862): Gtk-WARNING **: 14:18:24.083: Locale not supported by C library.
	Using the fallback 'C' locale.
1605619104248	Marionette	INFO	Listening on port 42339
1605619104280	Marionette	WARN	TLS certificate errors will be ignored for this session
JavaScript error: resource://gre/actors/AutoCompleteChild.jsm, line 235: Error: Invalid autocomplete selectedIndex
JavaScript error: resource://gre/actors/AutoCompleteChild.jsm, line 235: Error: Invalid autocomplete selectedIndex
JavaScript error: resource://gre/modules/LoginManagerChild.jsm, line 190: NS_ERROR_XPC_JAVASCRIPT_ERROR_WITH_DETAILS: [JavaScript Error: "Invalid autocomplete selectedIndex" {file: "resource://gre/actors/AutoCompleteChild.jsm" line: 235}]'[JavaScript Error: "Invalid autocomplete selectedIndex" {file: "resource://gre/actors/AutoCompleteChild.jsm" line: 235}]' when calling method: [nsIAutoCompletePopup::selectedIndex]
JavaScript error: resource://gre/actors/AutoCompleteChild.jsm, line 235: Error: Invalid autocomplete selectedIndex
JavaScript error: resource://gre/actors/AutoCompleteChild.jsm, line 235: Error: Invalid autocomplete selectedIndex
JavaScript error: resource://gre/modules/LoginManagerChild.jsm, line 190: NS_ERROR_XPC_JAVASCRIPT_ERROR_WITH_DETAILS: [JavaScript Error: "Invalid autocomplete selectedIndex" {file: "resource://gre/actors/AutoCompleteChild.jsm" line: 235}]'[JavaScript Error: "Invalid autocomplete selectedIndex" {file: "resource://gre/actors/AutoCompleteChild.jsm" line: 235}]' when calling method: [nsIAutoCompletePopup::selectedIndex]
JavaScript error: https://mef-moodle.nc-cloud.com/my/, line 2700: ReferenceError: $ is not defined
JavaScript error: https://mef-moodle.nc-cloud.com/course/view.php?id=6, line 2015: ReferenceError: $ is not defined
JavaScript error: https://mef-moodle.nc-cloud.com/mod/zoom/view.php?id=6105, line 1978: ReferenceError: $ is not defined
JavaScript error: https://mef-moodle.nc-cloud.com/course/view.php?id=6, line 2015: ReferenceError: $ is not defined
1605619178274	Marionette	INFO	Stopped listening on port 42339

(firefox:19296): Gtk-WARNING **: 14:20:06.489: Locale not supported by C library.
	Using the fallback 'C' locale.

(/usr/lib/firefox/firefox:19502): Gtk-WARNING **: 14:20:07.692: Locale not supported by C library.
	Using the fallback 'C' locale.

(/usr/lib/firefox/firefox:19526): Gtk-WARNING **: 14:20:07.876: Locale not supported by C library.
	Using the fallback 'C' locale.

(/usr/lib/firefox/firefox:19502): Gtk-WARNING **: 14:20:07.919: Theme parsing error: gtk.css:68:35: The style property GtkButton:child-displacement-x is deprecated and shouldn't be used anymore. It will be removed in a future version

(/usr/lib/firefox/firefox:19502): Gtk-WARNING **: 14:20:07.920: Theme parsing error: gtk.css:69:35: The style property GtkButton:child-displacement-y is deprecated and shouldn't be used anymore. It will be removed in a future version

(/usr/lib/firefox/firefox:19502): Gtk-WARNING **: 14:20:07.920: Theme parsing error: gtk.css:71:36: The style property GtkCheckMenuItem:indicator-size is deprecated and shouldn't be used anymore. It will be removed in a future version

(/usr/lib/firefox/firefox:19502): Gtk-WARNING **: 14:20:07.920: Theme parsing error: gtk.css:76:30: The style property GtkExpander:expander-size is deprecated and shouldn't be used anymore. It will be removed in a future version

(/usr/lib/firefox/firefox:19526): Gtk-WARNING **: 14:20:08.186: Theme parsing error: gtk.css:68:35: The style property GtkButton:child-displacement-x is deprecated and shouldn't be used anymore. It will be removed in a future version

(/usr/lib/firefox/firefox:19526): Gtk-WARNING **: 14:20:08.187: Theme parsing error: gtk.css:69:35: The style property GtkButton:child-displacement-y is deprecated and shouldn't be used anymore. It will be removed in a future version

(/usr/lib/firefox/firefox:19526): Gtk-WARNING **: 14:20:08.190: Theme parsing error: gtk.css:71:36: The style property GtkCheckMenuItem:indicator-size is deprecated and shouldn't be used anymore. It will be removed in a future version

(/usr/lib/firefox/firefox:19526): Gtk-WARNING **: 14:20:08.191: Theme parsing error: gtk.css:76:30: The style property GtkExpander:expander-size is deprecated and shouldn't be used anymore. It will be removed in a future version
console.error: SearchCache: "_readCacheFile: Error reading cache file:" (new Error("", "(unknown module)"))

(firefox:19296): GLib-GIO-WARNING **: 14:20:08.417: /etc/xdg/kde-mimeapps.list contains a [Added Associations] group, but it is not permitted here.  Only the non-desktop-specific mimeapps.list file may add or remove associations.

(/usr/lib/firefox/firefox:19616): Gtk-WARNING **: 14:20:09.715: Locale not supported by C library.
	Using the fallback 'C' locale.
1605619209919	Marionette	INFO	Listening on port 45753
1605619209975	Marionette	WARN	TLS certificate errors will be ignored for this session
JavaScript error: resource://gre/actors/AutoCompleteChild.jsm, line 235: Error: Invalid autocomplete selectedIndex
JavaScript error: resource://gre/actors/AutoCompleteChild.jsm, line 235: Error: Invalid autocomplete selectedIndex
JavaScript error: resource://gre/modules/LoginManagerChild.jsm, line 190: NS_ERROR_XPC_JAVASCRIPT_ERROR_WITH_DETAILS: [JavaScript Error: "Invalid autocomplete selectedIndex" {file: "resource://gre/actors/AutoCompleteChild.jsm" line: 235}]'[JavaScript Error: "Invalid autocomplete selectedIndex" {file: "resource://gre/actors/AutoCompleteChild.jsm" line: 235}]' when calling method: [nsIAutoCompletePopup::selectedIndex]
JavaScript error: resource://gre/actors/AutoCompleteChild.jsm, line 235: Error: Invalid autocomplete selectedIndex
JavaScript error: resource://gre/actors/AutoCompleteChild.jsm, line 235: Error: Invalid autocomplete selectedIndex
JavaScript error: resource://gre/modules/LoginManagerChild.jsm, line 190: NS_ERROR_XPC_JAVASCRIPT_ERROR_WITH_DETAILS: [JavaScript Error: "Invalid autocomplete selectedIndex" {file: "resource://gre/actors/AutoCompleteChild.jsm" line: 235}]'[JavaScript Error: "Invalid autocomplete selectedIndex" {file: "resource://gre/actors/AutoCompleteChild.jsm" line: 235}]' when calling method: [nsIAutoCompletePopup::selectedIndex]
JavaScript error: https://mef-moodle.nc-cloud.com/my/, line 2699: ReferenceError: $ is not defined

(firefox:20062): Gtk-WARNING **: 14:22:01.714: Locale not supported by C library.
	Using the fallback 'C' locale.

(/usr/lib/firefox/firefox:20265): Gtk-WARNING **: 14:22:02.896: Locale not supported by C library.
	Using the fallback 'C' locale.

(/usr/lib/firefox/firefox:20291): Gtk-WARNING **: 14:22:03.085: Locale not supported by C library.
	Using the fallback 'C' locale.

(/usr/lib/firefox/firefox:20265): Gtk-WARNING **: 14:22:03.154: Theme parsing error: gtk.css:68:35: The style property GtkButton:child-displacement-x is deprecated and shouldn't be used anymore. It will be removed in a future version

(/usr/lib/firefox/firefox:20265): Gtk-WARNING **: 14:22:03.155: Theme parsing error: gtk.css:69:35: The style property GtkButton:child-displacement-y is deprecated and shouldn't be used anymore. It will be removed in a future version

(/usr/lib/firefox/firefox:20265): Gtk-WARNING **: 14:22:03.155: Theme parsing error: gtk.css:71:36: The style property GtkCheckMenuItem:indicator-size is deprecated and shouldn't be used anymore. It will be removed in a future version

(/usr/lib/firefox/firefox:20265): Gtk-WARNING **: 14:22:03.155: Theme parsing error: gtk.css:76:30: The style property GtkExpander:expander-size is deprecated and shouldn't be used anymore. It will be removed in a future version

(/usr/lib/firefox/firefox:20291): Gtk-WARNING **: 14:22:03.381: Theme parsing error: gtk.css:68:35: The style property GtkButton:child-displacement-x is deprecated and shouldn't be used anymore. It will be removed in a future version

(/usr/lib/firefox/firefox:20291): Gtk-WARNING **: 14:22:03.381: Theme parsing error: gtk.css:69:35: The style property GtkButton:child-displacement-y is deprecated and shouldn't be used anymore. It will be removed in a future version

(/usr/lib/firefox/firefox:20291): Gtk-WARNING **: 14:22:03.382: Theme parsing error: gtk.css:71:36: The style property GtkCheckMenuItem:indicator-size is deprecated and shouldn't be used anymore. It will be removed in a future version

(/usr/lib/firefox/firefox:20291): Gtk-WARNING **: 14:22:03.382: Theme parsing error: gtk.css:76:30: The style property GtkExpander:expander-size is deprecated and shouldn't be used anymore. It will be removed in a future version
console.error: SearchCache: "_readCacheFile: Error reading cache file:" (new Error("", "(unknown module)"))

(firefox:20062): GLib-GIO-WARNING **: 14:22:03.729: /etc/xdg/kde-mimeapps.list contains a [Added Associations] group, but it is not permitted here.  Only the non-desktop-specific mimeapps.list file may add or remove associations.

(/usr/lib/firefox/firefox:20383): Gtk-WARNING **: 14:22:04.950: Locale not supported by C library.
	Using the fallback 'C' locale.
1605619325127	Marionette	INFO	Listening on port 38349
1605619325207	Marionette	WARN	TLS certificate errors will be ignored for this session
JavaScript error: resource://gre/modules/URIFixup.jsm, line 271: NS_ERROR_FAILURE: Should pass a non-null uri
JavaScript error: resource://gre/actors/AutoCompleteChild.jsm, line 235: Error: Invalid autocomplete selectedIndex
JavaScript error: resource://gre/actors/AutoCompleteChild.jsm, line 235: Error: Invalid autocomplete selectedIndex
JavaScript error: resource://gre/modules/LoginManagerChild.jsm, line 190: NS_ERROR_XPC_JAVASCRIPT_ERROR_WITH_DETAILS: [JavaScript Error: "Invalid autocomplete selectedIndex" {file: "resource://gre/actors/AutoCompleteChild.jsm" line: 235}]'[JavaScript Error: "Invalid autocomplete selectedIndex" {file: "resource://gre/actors/AutoCompleteChild.jsm" line: 235}]' when calling method: [nsIAutoCompletePopup::selectedIndex]
JavaScript error: resource://gre/actors/AutoCompleteChild.jsm, line 235: Error: Invalid autocomplete selectedIndex
JavaScript error: resource://gre/actors/AutoCompleteChild.jsm, line 235: Error: Invalid autocomplete selectedIndex
JavaScript error: resource://gre/modules/LoginManagerChild.jsm, line 190: NS_ERROR_XPC_JAVASCRIPT_ERROR_WITH_DETAILS: [JavaScript Error: "Invalid autocomplete selectedIndex" {file: "resource://gre/actors/AutoCompleteChild.jsm" line: 235}]'[JavaScript Error: "Invalid autocomplete selectedIndex" {file: "resource://gre/actors/AutoCompleteChild.jsm" line: 235}]' when calling method: [nsIAutoCompletePopup::selectedIndex]
JavaScript error: https://mef-moodle.nc-cloud.com/my/, line 2700: ReferenceError: $ is not defined
JavaScript error: https://mef-moodle.nc-cloud.com/course/view.php?id=77, line 2077: ReferenceError: $ is not defined
JavaScript error: https://mef-moodle.nc-cloud.com/course/view.php?id=77, line 2077: ReferenceError: $ is not defined
JavaScript error: https://mef-moodle.nc-cloud.com/my/, line 2697: ReferenceError: $ is not defined

(/usr/lib/firefox/firefox:20383): Gtk-WARNING **: 14:23:30.219: Theme parsing error: gtk.css:68:35: The style property GtkButton:child-displacement-x is deprecated and shouldn't be used anymore. It will be removed in a future version

(/usr/lib/firefox/firefox:20383): Gtk-WARNING **: 14:23:30.221: Theme parsing error: gtk.css:69:35: The style property GtkButton:child-displacement-y is deprecated and shouldn't be used anymore. It will be removed in a future version

(/usr/lib/firefox/firefox:20383): Gtk-WARNING **: 14:23:30.221: Theme parsing error: gtk.css:71:36: The style property GtkCheckMenuItem:indicator-size is deprecated and shouldn't be used anymore. It will be removed in a future version

(/usr/lib/firefox/firefox:20383): Gtk-WARNING **: 14:23:30.222: Theme parsing error: gtk.css:76:30: The style property GtkExpander:expander-size is deprecated and shouldn't be used anymore. It will be removed in a future version

(/usr/lib/firefox/firefox:20701): Gtk-WARNING **: 14:23:30.436: Locale not supported by C library.
	Using the fallback 'C' locale.
1605619414146	Marionette	INFO	Stopped listening on port 38349
